Date: Tue, 05 Jun 18 23:18:20 +0300
Message: SUBMIT
------------------------------------------------------------------------------------------------------------------------------

------------------------------------------------------------------------------------------------------------------------------
Date: Tue, 05 Jun 18 23:18:21 +0300
Message: SUBMIT
------------------------------------------------------------------------------------------------------------------------------

------------------------------------------------------------------------------------------------------------------------------
Date: Tue, 05 Jun 18 23:18:39 +0300
Message: SUBMIT
------------------------------------------------------------------------------------------------------------------------------

------------------------------------------------------------------------------------------------------------------------------
Date: Tue, 05 Jun 18 23:18:39 +0300
Message: SUBMIT
------------------------------------------------------------------------------------------------------------------------------

------------------------------------------------------------------------------------------------------------------------------
Date: Tue, 05 Jun 18 23:18:51 +0300
Message: SUBMIT
------------------------------------------------------------------------------------------------------------------------------

------------------------------------------------------------------------------------------------------------------------------
Date: Tue, 05 Jun 18 23:18:51 +0300
Message: SUBMIT
------------------------------------------------------------------------------------------------------------------------------
1Date: Tue, 05 Jun 18 23:19:11 +0300
Message: SUBMIT
------------------------------------------------------------------------------------------------------------------------------

------------------------------------------------------------------------------------------------------------------------------
Date: Tue, 05 Jun 18 23:19:11 +0300
Message: SUBMIT
------------------------------------------------------------------------------------------------------------------------------
Date: Tue, 05 Jun 18 23:19:19 +0300
Message: SUBMIT
------------------------------------------------------------------------------------------------------------------------------

------------------------------------------------------------------------------------------------------------------------------
Date: Tue, 05 Jun 18 23:19:19 +0300
Message: SUBMIT
------------------------------------------------------------------------------------------------------------------------------
Date: Tue, 05 Jun 18 23:19:33 +0300
Message: SUBMIT
------------------------------------------------------------------------------------------------------------------------------

------------------------------------------------------------------------------------------------------------------------------
Date: Tue, 05 Jun 18 23:20:20 +0300
Message: SUBMIT
------------------------------------------------------------------------------------------------------------------------------

------------------------------------------------------------------------------------------------------------------------------
Date: Tue, 05 Jun 18 23:20:38 +0300
Message: SUBMIT
------------------------------------------------------------------------------------------------------------------------------

------------------------------------------------------------------------------------------------------------------------------
Date: Tue, 05 Jun 18 23:20:39 +0300
Message: SUBMIT
------------------------------------------------------------------------------------------------------------------------------

------------------------------------------------------------------------------------------------------------------------------
Date: Tue, 05 Jun 18 23:21:08 +0300
Message: {"id": 5,"name": "Emerald embrace","description": "Warm soft sweater. ","cost": 12080,"type_id": 3,"in_stock": 1,"discount": 0,"size_id": 5,"brand_id": 4,"color": "Emerald","total_cost": 12080,"primaryImage": "/d7.83906298/main.jpg"}
------------------------------------------------------------------------------------------------------------------------------

------------------------------------------------------------------------------------------------------------------------------
Date: Tue, 05 Jun 18 23:21:08 +0300
Message: {"id": 6,"name": "ARAN HANDKNIT SWEATER S157 UNISEX","description": "Aran Handknit Crew Neck Sweater LARGE FITTING   This warm Aran hand knit sweater, available in green, natural and charcoal is made in Ireland of 100% Soft Merino Wool.","cost": 17990,"type_id": 3,"in_stock": 1,"discount": 15,"size_id": 2,"brand_id": 4,"color": "Teal","total_cost": 15291,"primaryImage": "/11.83226198/main.jpg"}
------------------------------------------------------------------------------------------------------------------------------

------------------------------------------------------------------------------------------------------------------------------
Date: Tue, 05 Jun 18 23:21:08 +0300
Message: {"id": 7,"name": "ARAN MERINO WOOL LADIES PONCHO A415","description": "This trendy women's Merino Wool Cable Knit Poncho, available in chilli, limestone and moss green is made in Ireland of 100% Soft Merino Wool.","cost": 12990,"type_id": 3,"in_stock": 1,"discount": 5,"size_id": 4,"brand_id": 4,"color": "Green","total_cost": 12340,"primaryImage": "/49.16389078/main.jpg"}
------------------------------------------------------------------------------------------------------------------------------

------------------------------------------------------------------------------------------------------------------------------
Date: Tue, 05 Jun 18 23:21:11 +0300
Message: {"id": 6,"name": "ARAN HANDKNIT SWEATER S157 UNISEX","description": "Aran Handknit Crew Neck Sweater LARGE FITTING   This warm Aran hand knit sweater, available in green, natural and charcoal is made in Ireland of 100% Soft Merino Wool.","cost": 17990,"type_id": 3,"in_stock": 1,"discount": 15,"size_id": 2,"brand_id": 4,"color": "Teal","total_cost": 15291,"primaryImage": "/11.83226198/main.jpg"}
------------------------------------------------------------------------------------------------------------------------------

------------------------------------------------------------------------------------------------------------------------------
Date: Tue, 05 Jun 18 23:36:13 +0300
Message: {"id": 1,"name": "Satin Slip","description": "Simply sexy: this little slip in smooth satin.","cost": 2979,"type_id": 6,"in_stock": 1,"discount": 0,"size_id": 3,"brand_id": 1,"color": "Black","total_cost": 2979,"primaryImage": "/d9.41479802/main.jpg"}
------------------------------------------------------------------------------------------------------------------------------

------------------------------------------------------------------------------------------------------------------------------
Date: Tue, 05 Jun 18 23:36:13 +0300
Message: {"id": 2,"name": "High-low Ruffle Skirt","description": "Live the dream in a cascade of ruffles finished with a shimmering band of sequins.","cost": 12290,"type_id": 6,"in_stock": 1,"discount": 14,"size_id": 3,"brand_id": 1,"color": "Aqua white","total_cost": 10569,"primaryImage": "/c8.67599460/main.jpg"}
------------------------------------------------------------------------------------------------------------------------------

------------------------------------------------------------------------------------------------------------------------------
Date: Tue, 05 Jun 18 23:36:16 +0300
Message: {"id": 2,"name": "High-low Ruffle Skirt","description": "Live the dream in a cascade of ruffles finished with a shimmering band of sequins.","cost": 12290,"type_id": 6,"in_stock": 1,"discount": 14,"size_id": 3,"brand_id": 1,"color": "Aqua white","total_cost": 10569,"primaryImage": "/c8.67599460/main.jpg"}
------------------------------------------------------------------------------------------------------------------------------

------------------------------------------------------------------------------------------------------------------------------
Date: Tue, 05 Jun 18 23:36:21 +0300
|Exception
|Type: vendor\core\database\exception\DatabaseCommonException
|Message: PDOException: SQLSTATE[22007]: Invalid datetime format: 1292 Incorrect datetime value: 'Tue, 05 Jun 18 23:36:21 +0300' for column 'order_date' at row 1 in D:\Files\Documents\Solutions\PHP\inayelle.store\vendor\core\database\query\QueryBase.php:48
Stack trace:
#0 D:\Files\Documents\Solutions\PHP\inayelle.store\vendor\core\database\query\QueryBase.php(48): PDOStatement->execute(Array)
#1 D:\Files\Documents\Solutions\PHP\inayelle.store\vendor\core\base\EntityBase.php(32): vendor\core\database\query\QueryBase->post()
#2 D:\Files\Documents\Solutions\PHP\inayelle.store\app\model\Purchase.php(48): vendor\core\base\EntityBase->create()
#3 D:\Files\Documents\Solutions\PHP\inayelle.store\app\controller\PurchaseController.php(43): app\model\Purchase->purchase(Array, Object(app\model\entity\UserEntity))
#4 D:\Files\Documents\Solutions\PHP\inayelle.store\vendor\core\routing\Router.php(58): app\controller\PurchaseController->submitAction()
#5 D:\Files\Documents\Solutions\PHP\inayelle.store\vendor\core\Application.php(56): vendor\core\routing\Router::dispatch('/purchase/submi...')
#6 D:\Files\Documents\Solutions\PHP\inayelle.store\public\index.php(8): Application::start()
#7 {main}
|File: D:\Files\Documents\Solutions\PHP\inayelle.store\vendor\core\database\query\QueryBase.php
|Line: 58
|Code: 0
|Inner exception: null
------------------------------------------------------------------------------------------------------------------------------Date: Tue, 05 Jun 18 23:37:12 +0300
Message: {"id": 1,"name": "Satin Slip","description": "Simply sexy: this little slip in smooth satin.","cost": 2979,"type_id": 6,"in_stock": 1,"discount": 0,"size_id": 3,"brand_id": 1,"color": "Black","total_cost": 2979,"primaryImage": "/d9.41479802/main.jpg"}
------------------------------------------------------------------------------------------------------------------------------

------------------------------------------------------------------------------------------------------------------------------
Date: Tue, 05 Jun 18 23:37:12 +0300
Message: {"id": 2,"name": "High-low Ruffle Skirt","description": "Live the dream in a cascade of ruffles finished with a shimmering band of sequins.","cost": 12290,"type_id": 6,"in_stock": 1,"discount": 14,"size_id": 3,"brand_id": 1,"color": "Aqua white","total_cost": 10569,"primaryImage": "/c8.67599460/main.jpg"}
------------------------------------------------------------------------------------------------------------------------------

------------------------------------------------------------------------------------------------------------------------------
Date: Tue, 05 Jun 18 23:37:15 +0300
Message: {"id": 2,"name": "High-low Ruffle Skirt","description": "Live the dream in a cascade of ruffles finished with a shimmering band of sequins.","cost": 12290,"type_id": 6,"in_stock": 1,"discount": 14,"size_id": 3,"brand_id": 1,"color": "Aqua white","total_cost": 10569,"primaryImage": "/c8.67599460/main.jpg"}
------------------------------------------------------------------------------------------------------------------------------

------------------------------------------------------------------------------------------------------------------------------
Date: Tue, 05 Jun 18 23:37:16 +0300
Message: {"id": 1,"name": "Satin Slip","description": "Simply sexy: this little slip in smooth satin.","cost": 2979,"type_id": 6,"in_stock": 1,"discount": 0,"size_id": 3,"brand_id": 1,"color": "Black","total_cost": 2979,"primaryImage": "/d9.41479802/main.jpg"}
------------------------------------------------------------------------------------------------------------------------------

------------------------------------------------------------------------------------------------------------------------------
Date: Tue, 05 Jun 18 23:37:16 +0300
Message: {"id": 2,"name": "High-low Ruffle Skirt","description": "Live the dream in a cascade of ruffles finished with a shimmering band of sequins.","cost": 12290,"type_id": 6,"in_stock": 1,"discount": 14,"size_id": 3,"brand_id": 1,"color": "Aqua white","total_cost": 10569,"primaryImage": "/c8.67599460/main.jpg"}
------------------------------------------------------------------------------------------------------------------------------

------------------------------------------------------------------------------------------------------------------------------
Date: Tue, 05 Jun 18 23:37:18 +0300
Message: {"id": 2,"name": "High-low Ruffle Skirt","description": "Live the dream in a cascade of ruffles finished with a shimmering band of sequins.","cost": 12290,"type_id": 6,"in_stock": 1,"discount": 14,"size_id": 3,"brand_id": 1,"color": "Aqua white","total_cost": 10569,"primaryImage": "/c8.67599460/main.jpg"}
------------------------------------------------------------------------------------------------------------------------------

------------------------------------------------------------------------------------------------------------------------------
Date: Tue, 05 Jun 18 23:37:18 +0300
Message: {"id": 1,"name": "Satin Slip","description": "Simply sexy: this little slip in smooth satin.","cost": 2979,"type_id": 6,"in_stock": 1,"discount": 0,"size_id": 3,"brand_id": 1,"color": "Black","total_cost": 2979,"primaryImage": "/d9.41479802/main.jpg"}
------------------------------------------------------------------------------------------------------------------------------

------------------------------------------------------------------------------------------------------------------------------
Date: Tue, 05 Jun 18 23:37:22 +0300
|Exception
|Type: vendor\core\database\exception\DuplicateEntryException
|Message: Duplicate entry exception
|File: D:\Files\Documents\Solutions\PHP\inayelle.store\vendor\core\database\query\QueryBase.php
|Line: 55
|Code: 23000
|Inner exception: 
    |Exception
    |Type: PDOException
    |Message: SQLSTATE[23000]: Integrity constraint violation: 1452 Cannot add or update a child row: a foreign key constraint fails (`inayelle_store_db`.`orders`, CONSTRAINT `orders_ibfk_3` FOREIGN KEY (`shipping_id`) REFERENCES `shippings` (`id`))
    |File: D:\Files\Documents\Solutions\PHP\inayelle.store\vendor\core\database\query\QueryBase.php
    |Line: 48
    |Code: 23000
    |Inner exception: null
----------------------------------------------------------------------------------------------------------------------------------Date: Tue, 05 Jun 18 23:39:58 +0300
Message: {"id": 1,"name": "Satin Slip","description": "Simply sexy: this little slip in smooth satin.","cost": 2979,"type_id": 6,"in_stock": 1,"discount": 0,"size_id": 3,"brand_id": 1,"color": "Black","total_cost": 2979,"primaryImage": "/d9.41479802/main.jpg"}
------------------------------------------------------------------------------------------------------------------------------

------------------------------------------------------------------------------------------------------------------------------
Date: Tue, 05 Jun 18 23:39:58 +0300
Message: {"id": 2,"name": "High-low Ruffle Skirt","description": "Live the dream in a cascade of ruffles finished with a shimmering band of sequins.","cost": 12290,"type_id": 6,"in_stock": 1,"discount": 14,"size_id": 3,"brand_id": 1,"color": "Aqua white","total_cost": 10569,"primaryImage": "/c8.67599460/main.jpg"}
------------------------------------------------------------------------------------------------------------------------------

------------------------------------------------------------------------------------------------------------------------------
Date: Tue, 05 Jun 18 23:40:01 +0300
Message: {"id": 1,"name": "Satin Slip","description": "Simply sexy: this little slip in smooth satin.","cost": 2979,"type_id": 6,"in_stock": 1,"discount": 0,"size_id": 3,"brand_id": 1,"color": "Black","total_cost": 2979,"primaryImage": "/d9.41479802/main.jpg"}
------------------------------------------------------------------------------------------------------------------------------

------------------------------------------------------------------------------------------------------------------------------
Date: Tue, 05 Jun 18 23:40:03 +0300
Message: {"id": 1,"name": "Satin Slip","description": "Simply sexy: this little slip in smooth satin.","cost": 2979,"type_id": 6,"in_stock": 1,"discount": 0,"size_id": 3,"brand_id": 1,"color": "Black","total_cost": 2979,"primaryImage": "/d9.41479802/main.jpg"}
------------------------------------------------------------------------------------------------------------------------------

------------------------------------------------------------------------------------------------------------------------------
Date: Tue, 05 Jun 18 23:40:03 +0300
Message: {"id": 2,"name": "High-low Ruffle Skirt","description": "Live the dream in a cascade of ruffles finished with a shimmering band of sequins.","cost": 12290,"type_id": 6,"in_stock": 1,"discount": 14,"size_id": 3,"brand_id": 1,"color": "Aqua white","total_cost": 10569,"primaryImage": "/c8.67599460/main.jpg"}
------------------------------------------------------------------------------------------------------------------------------

------------------------------------------------------------------------------------------------------------------------------
Date: Tue, 05 Jun 18 23:40:05 +0300
Message: {"id": 1,"name": "Satin Slip","description": "Simply sexy: this little slip in smooth satin.","cost": 2979,"type_id": 6,"in_stock": 1,"discount": 0,"size_id": 3,"brand_id": 1,"color": "Black","total_cost": 2979,"primaryImage": "/d9.41479802/main.jpg"}
------------------------------------------------------------------------------------------------------------------------------

------------------------------------------------------------------------------------------------------------------------------
Date: Tue, 05 Jun 18 23:40:05 +0300
Message: {"id": 2,"name": "High-low Ruffle Skirt","description": "Live the dream in a cascade of ruffles finished with a shimmering band of sequins.","cost": 12290,"type_id": 6,"in_stock": 1,"discount": 14,"size_id": 3,"brand_id": 1,"color": "Aqua white","total_cost": 10569,"primaryImage": "/c8.67599460/main.jpg"}
------------------------------------------------------------------------------------------------------------------------------

------------------------------------------------------------------------------------------------------------------------------
Date: Tue, 05 Jun 18 23:40:09 +0300
|Exception
|Type: vendor\core\database\exception\DuplicateEntryException
|Message: Duplicate entry exception
|File: D:\Files\Documents\Solutions\PHP\inayelle.store\vendor\core\database\query\QueryBase.php
|Line: 55
|Code: 23000
|Inner exception: 
    |Exception
    |Type: PDOException
    |Message: SQLSTATE[23000]: Integrity constraint violation: 1048 Column 'shipping_id' cannot be null
    |File: D:\Files\Documents\Solutions\PHP\inayelle.store\vendor\core\database\query\QueryBase.php
    |Line: 48
    |Code: 23000
    |Inner exception: null
----------------------------------------------------------------------------------------------------------------------------------Date: Tue, 05 Jun 18 23:42:31 +0300
|Exception
|Type: vendor\core\database\exception\DuplicateEntryException
|Message: Duplicate entry exception
|File: D:\Files\Documents\Solutions\PHP\inayelle.store\vendor\core\database\query\QueryBase.php
|Line: 55
|Code: 23000
|Inner exception: 
    |Exception
    |Type: PDOException
    |Message: SQLSTATE[23000]: Integrity constraint violation: 1048 Column 'shipping_id' cannot be null
    |File: D:\Files\Documents\Solutions\PHP\inayelle.store\vendor\core\database\query\QueryBase.php
    |Line: 48
    |Code: 23000
    |Inner exception: null
----------------------------------------------------------------------------------------------------------------------------------Date: Tue, 05 Jun 18 23:43:17 +0300
|Exception
|Type: vendor\core\database\exception\DuplicateEntryException
|Message: Duplicate entry exception
|File: D:\Files\Documents\Solutions\PHP\inayelle.store\vendor\core\database\query\QueryBase.php
|Line: 55
|Code: 23000
|Inner exception: 
    |Exception
    |Type: PDOException
    |Message: SQLSTATE[23000]: Integrity constraint violation: 1048 Column 'shipping_id' cannot be null
    |File: D:\Files\Documents\Solutions\PHP\inayelle.store\vendor\core\database\query\QueryBase.php
    |Line: 48
    |Code: 23000
    |Inner exception: null
----------------------------------------------------------------------------------------------------------------------------------Date: Tue, 05 Jun 18 23:43:40 +0300
|Exception
|Type: vendor\exception\TypeMismatchException
|Message: Type mismatch. Expected type: [product], got [app\model\entity\ProductEntity]
|File: D:\Files\Documents\Solutions\PHP\inayelle.store\vendor\core\base\GetSet.php
|Line: 27
|Code: 0
|Inner exception: null
------------------------------------------------------------------------------------------------------------------------------Date: Tue, 05 Jun 18 23:44:13 +0300
|Exception
|Type: vendor\exception\TypeMismatchException
|Message: Type mismatch. Expected type: [product], got [app\model\entity\ProductEntity]
|File: D:\Files\Documents\Solutions\PHP\inayelle.store\vendor\core\base\GetSet.php
|Line: 27
|Code: 0
|Inner exception: null
------------------------------------------------------------------------------------------------------------------------------Date: Tue, 05 Jun 18 23:45:09 +0300
|Exception
|Type: vendor\exception\TypeMismatchException
|Message: Type mismatch. Expected type: [product], got [app\model\entity\ProductEntity]
|File: D:\Files\Documents\Solutions\PHP\inayelle.store\vendor\core\base\GetSet.php
|Line: 27
|Code: 0
|Inner exception: null
------------------------------------------------------------------------------------------------------------------------------Date: Tue, 05 Jun 18 23:46:27 +0300
|Exception
|Type: vendor\exception\FieldNotFoundException
|Message: Field <> in class <app\model\entity\OrderEntity> not found
|File: D:\Files\Documents\Solutions\PHP\inayelle.store\vendor\core\base\GetSet.php
|Line: 13
|Code: 0
|Inner exception: null
------------------------------------------------------------------------------------------------------------------------------Date: Tue, 05 Jun 18 23:46:28 +0300
|Exception
|Type: vendor\exception\FieldNotFoundException
|Message: Field <> in class <app\model\entity\OrderEntity> not found
|File: D:\Files\Documents\Solutions\PHP\inayelle.store\vendor\core\base\GetSet.php
|Line: 13
|Code: 0
|Inner exception: null
------------------------------------------------------------------------------------------------------------------------------Date: Tue, 05 Jun 18 23:47:22 +0300
Message: user_id
------------------------------------------------------------------------------------------------------------------------------

------------------------------------------------------------------------------------------------------------------------------
Date: Tue, 05 Jun 18 23:47:22 +0300
|Exception
|Type: vendor\exception\FieldNotFoundException
|Message: Field <> in class <app\model\entity\OrderEntity> not found
|File: D:\Files\Documents\Solutions\PHP\inayelle.store\vendor\core\base\GetSet.php
|Line: 14
|Code: 0
|Inner exception: null
------------------------------------------------------------------------------------------------------------------------------Date: Tue, 05 Jun 18 23:48:07 +0300
Message: user_id
------------------------------------------------------------------------------------------------------------------------------

------------------------------------------------------------------------------------------------------------------------------
Date: Tue, 05 Jun 18 23:48:07 +0300
Message: 
------------------------------------------------------------------------------------------------------------------------------

------------------------------------------------------------------------------------------------------------------------------
Date: Tue, 05 Jun 18 23:48:07 +0300
Message: order_date
------------------------------------------------------------------------------------------------------------------------------

------------------------------------------------------------------------------------------------------------------------------
Date: Tue, 05 Jun 18 23:48:07 +0300
Message: 
------------------------------------------------------------------------------------------------------------------------------

------------------------------------------------------------------------------------------------------------------------------
Date: Tue, 05 Jun 18 23:48:07 +0300
Message: shipping_id
------------------------------------------------------------------------------------------------------------------------------

------------------------------------------------------------------------------------------------------------------------------
Date: Tue, 05 Jun 18 23:48:07 +0300
Message: 
------------------------------------------------------------------------------------------------------------------------------

------------------------------------------------------------------------------------------------------------------------------
Date: Tue, 05 Jun 18 23:48:07 +0300
Message: status_id
------------------------------------------------------------------------------------------------------------------------------

------------------------------------------------------------------------------------------------------------------------------
Date: Tue, 05 Jun 18 23:48:07 +0300
Message: 
------------------------------------------------------------------------------------------------------------------------------

------------------------------------------------------------------------------------------------------------------------------
Date: Tue, 05 Jun 18 23:48:07 +0300
Message: user_comment
------------------------------------------------------------------------------------------------------------------------------

------------------------------------------------------------------------------------------------------------------------------
Date: Tue, 05 Jun 18 23:48:07 +0300
Message: 
------------------------------------------------------------------------------------------------------------------------------

------------------------------------------------------------------------------------------------------------------------------
Date: Tue, 05 Jun 18 23:48:07 +0300
Message: product_id
------------------------------------------------------------------------------------------------------------------------------

------------------------------------------------------------------------------------------------------------------------------
Date: Tue, 05 Jun 18 23:48:07 +0300
Message: 
------------------------------------------------------------------------------------------------------------------------------

------------------------------------------------------------------------------------------------------------------------------
Date: Tue, 05 Jun 18 23:48:07 +0300
Message: order_id
------------------------------------------------------------------------------------------------------------------------------

------------------------------------------------------------------------------------------------------------------------------
Date: Tue, 05 Jun 18 23:48:07 +0300
Message: 
------------------------------------------------------------------------------------------------------------------------------

------------------------------------------------------------------------------------------------------------------------------
Date: Tue, 05 Jun 18 23:48:07 +0300
Message: count
------------------------------------------------------------------------------------------------------------------------------

------------------------------------------------------------------------------------------------------------------------------
Date: Tue, 05 Jun 18 23:48:07 +0300
Message: 
------------------------------------------------------------------------------------------------------------------------------

------------------------------------------------------------------------------------------------------------------------------
Date: Tue, 05 Jun 18 23:48:07 +0300
Message: product
------------------------------------------------------------------------------------------------------------------------------

------------------------------------------------------------------------------------------------------------------------------
Date: Tue, 05 Jun 18 23:48:07 +0300
Message: 
------------------------------------------------------------------------------------------------------------------------------

------------------------------------------------------------------------------------------------------------------------------
Date: Tue, 05 Jun 18 23:48:07 +0300
|Exception
|Type: vendor\exception\TypeMismatchException
|Message: Type mismatch. Expected type: [product], got [app\model\entity\ProductEntity]
|File: D:\Files\Documents\Solutions\PHP\inayelle.store\vendor\core\base\GetSet.php
|Line: 31
|Code: 0
|Inner exception: null
------------------------------------------------------------------------------------------------------------------------------Date: Tue, 05 Jun 18 23:49:40 +0300
Message: {"id": 1,"name": "Satin Slip","description": "Simply sexy: this little slip in smooth satin.","cost": 2979,"type_id": 6,"in_stock": 1,"discount": 0,"size_id": 3,"brand_id": 1,"color": "Black","total_cost": 2979,"primaryImage": "/d9.41479802/main.jpg"}
------------------------------------------------------------------------------------------------------------------------------

------------------------------------------------------------------------------------------------------------------------------
Date: Tue, 05 Jun 18 23:49:40 +0300
Message: {"id": 2,"name": "High-low Ruffle Skirt","description": "Live the dream in a cascade of ruffles finished with a shimmering band of sequins.","cost": 12290,"type_id": 6,"in_stock": 1,"discount": 14,"size_id": 3,"brand_id": 1,"color": "Aqua white","total_cost": 10569,"primaryImage": "/c8.67599460/main.jpg"}
------------------------------------------------------------------------------------------------------------------------------

------------------------------------------------------------------------------------------------------------------------------
Date: Tue, 05 Jun 18 23:49:43 +0300
Message: {"id": 1,"name": "Satin Slip","description": "Simply sexy: this little slip in smooth satin.","cost": 2979,"type_id": 6,"in_stock": 1,"discount": 0,"size_id": 3,"brand_id": 1,"color": "Black","total_cost": 2979,"primaryImage": "/d9.41479802/main.jpg"}
------------------------------------------------------------------------------------------------------------------------------

------------------------------------------------------------------------------------------------------------------------------
Date: Tue, 05 Jun 18 23:49:45 +0300
Message: {"id": 1,"name": "Satin Slip","description": "Simply sexy: this little slip in smooth satin.","cost": 2979,"type_id": 6,"in_stock": 1,"discount": 0,"size_id": 3,"brand_id": 1,"color": "Black","total_cost": 2979,"primaryImage": "/d9.41479802/main.jpg"}
------------------------------------------------------------------------------------------------------------------------------

------------------------------------------------------------------------------------------------------------------------------
Date: Tue, 05 Jun 18 23:49:45 +0300
Message: {"id": 2,"name": "High-low Ruffle Skirt","description": "Live the dream in a cascade of ruffles finished with a shimmering band of sequins.","cost": 12290,"type_id": 6,"in_stock": 1,"discount": 14,"size_id": 3,"brand_id": 1,"color": "Aqua white","total_cost": 10569,"primaryImage": "/c8.67599460/main.jpg"}
------------------------------------------------------------------------------------------------------------------------------

------------------------------------------------------------------------------------------------------------------------------
Date: Tue, 05 Jun 18 23:49:48 +0300
Message: {"id": 1,"name": "Satin Slip","description": "Simply sexy: this little slip in smooth satin.","cost": 2979,"type_id": 6,"in_stock": 1,"discount": 0,"size_id": 3,"brand_id": 1,"color": "Black","total_cost": 2979,"primaryImage": "/d9.41479802/main.jpg"}
------------------------------------------------------------------------------------------------------------------------------

------------------------------------------------------------------------------------------------------------------------------
Date: Tue, 05 Jun 18 23:49:48 +0300
Message: {"id": 2,"name": "High-low Ruffle Skirt","description": "Live the dream in a cascade of ruffles finished with a shimmering band of sequins.","cost": 12290,"type_id": 6,"in_stock": 1,"discount": 14,"size_id": 3,"brand_id": 1,"color": "Aqua white","total_cost": 10569,"primaryImage": "/c8.67599460/main.jpg"}
------------------------------------------------------------------------------------------------------------------------------

------------------------------------------------------------------------------------------------------------------------------
Date: Tue, 05 Jun 18 23:50:46 +0300
Message: {"id": 8,"name": "Nike Court Royale Suede","description": "Nice shoes for nice men","cost": 11300,"type_id": 2,"in_stock": 1,"discount": 0,"size_id": 4,"brand_id": 8,"color": "White","total_cost": 11300,"primaryImage": "/66.97456243/sub.jpg"}
------------------------------------------------------------------------------------------------------------------------------

------------------------------------------------------------------------------------------------------------------------------
Date: Tue, 05 Jun 18 23:50:52 +0300
Message: {"id": 8,"name": "Nike Court Royale Suede","description": "Nice shoes for nice men","cost": 11300,"type_id": 2,"in_stock": 1,"discount": 0,"size_id": 4,"brand_id": 8,"color": "White","total_cost": 11300,"primaryImage": "/66.97456243/sub.jpg"}
------------------------------------------------------------------------------------------------------------------------------

------------------------------------------------------------------------------------------------------------------------------
Date: Tue, 05 Jun 18 23:57:03 +0300
Message: {"id": 3,"name": "Gallant Tux","description": "Impress your companion","cost": 29000,"type_id": 1,"in_stock": 1,"discount": 5,"size_id": 4,"brand_id": 7,"color": "Dark black","total_cost": 27550,"primaryImage": "/99.67431272/main.jpg"}
------------------------------------------------------------------------------------------------------------------------------

------------------------------------------------------------------------------------------------------------------------------
Date: Tue, 05 Jun 18 23:57:15 +0300
Message: {"id": 3,"name": "Gallant Tux","description": "Impress your companion","cost": 29000,"type_id": 1,"in_stock": 1,"discount": 5,"size_id": 4,"brand_id": 7,"color": "Dark black","total_cost": 27550,"primaryImage": "/99.67431272/main.jpg"}
------------------------------------------------------------------------------------------------------------------------------

------------------------------------------------------------------------------------------------------------------------------
Date: Tue, 05 Jun 18 23:57:15 +0300
Message: {"id": 4,"name": "Moda Rapido","description": "White Printed Polo T-Shirt. Looks nice with dark jeans.","cost": 5600,"type_id": 5,"in_stock": 1,"discount": 0,"size_id": 4,"brand_id": 12,"color": "Gray-white","total_cost": 5600,"primaryImage": "/66.04778962/main.jpg"}
------------------------------------------------------------------------------------------------------------------------------

------------------------------------------------------------------------------------------------------------------------------
Date: Tue, 05 Jun 18 23:57:15 +0300
Message: {"id": 1,"name": "Satin Slip","description": "Simply sexy: this little slip in smooth satin.","cost": 2979,"type_id": 6,"in_stock": 1,"discount": 0,"size_id": 3,"brand_id": 1,"color": "Black","total_cost": 2979,"primaryImage": "/d9.41479802/main.jpg"}
------------------------------------------------------------------------------------------------------------------------------

------------------------------------------------------------------------------------------------------------------------------
Date: Tue, 05 Jun 18 23:57:31 +0300
Message: {"id": 3,"name": "Gallant Tux","description": "Impress your companion","cost": 29000,"type_id": 1,"in_stock": 1,"discount": 5,"size_id": 4,"brand_id": 7,"color": "Dark black","total_cost": 27550,"primaryImage": "/99.67431272/main.jpg"}
------------------------------------------------------------------------------------------------------------------------------

------------------------------------------------------------------------------------------------------------------------------
Date: Tue, 05 Jun 18 23:57:44 +0300
Message: {"id": 8,"name": "Nike Court Royale Suede","description": "Nice shoes for nice men","cost": 11300,"type_id": 2,"in_stock": 1,"discount": 0,"size_id": 4,"brand_id": 8,"color": "White","total_cost": 11300,"primaryImage": "/66.97456243/sub.jpg"}
------------------------------------------------------------------------------------------------------------------------------

------------------------------------------------------------------------------------------------------------------------------
Date: Tue, 05 Jun 18 23:57:54 +0300
Message: {"id": 1,"name": "Satin Slip","description": "Simply sexy: this little slip in smooth satin.","cost": 2979,"type_id": 6,"in_stock": 1,"discount": 0,"size_id": 3,"brand_id": 1,"color": "Black","total_cost": 2979,"primaryImage": "/d9.41479802/main.jpg"}
------------------------------------------------------------------------------------------------------------------------------

------------------------------------------------------------------------------------------------------------------------------
Date: Tue, 05 Jun 18 23:57:54 +0300
Message: {"id": 2,"name": "High-low Ruffle Skirt","description": "Live the dream in a cascade of ruffles finished with a shimmering band of sequins.","cost": 12290,"type_id": 6,"in_stock": 1,"discount": 14,"size_id": 3,"brand_id": 1,"color": "Aqua white","total_cost": 10569,"primaryImage": "/c8.67599460/main.jpg"}
------------------------------------------------------------------------------------------------------------------------------

------------------------------------------------------------------------------------------------------------------------------
Date: Tue, 05 Jun 18 23:57:54 +0300
Message: {"id": 3,"name": "Gallant Tux","description": "Impress your companion","cost": 29000,"type_id": 1,"in_stock": 1,"discount": 5,"size_id": 4,"brand_id": 7,"color": "Dark black","total_cost": 27550,"primaryImage": "/99.67431272/main.jpg"}
------------------------------------------------------------------------------------------------------------------------------

------------------------------------------------------------------------------------------------------------------------------
Date: Tue, 05 Jun 18 23:58:01 +0300
Message: {"id": 4,"name": "Moda Rapido","description": "White Printed Polo T-Shirt. Looks nice with dark jeans.","cost": 5600,"type_id": 5,"in_stock": 1,"discount": 0,"size_id": 4,"brand_id": 12,"color": "Gray-white","total_cost": 5600,"primaryImage": "/66.04778962/main.jpg"}
------------------------------------------------------------------------------------------------------------------------------

------------------------------------------------------------------------------------------------------------------------------
Date: Tue, 05 Jun 18 23:58:01 +0300
Message: {"id": 5,"name": "Emerald embrace","description": "Warm soft sweater. ","cost": 12080,"type_id": 3,"in_stock": 1,"discount": 0,"size_id": 5,"brand_id": 4,"color": "Emerald","total_cost": 12080,"primaryImage": "/d7.83906298/main.jpg"}
------------------------------------------------------------------------------------------------------------------------------

------------------------------------------------------------------------------------------------------------------------------
Date: Tue, 05 Jun 18 23:58:01 +0300
Message: {"id": 6,"name": "ARAN HANDKNIT SWEATER S157 UNISEX","description": "Aran Handknit Crew Neck Sweater LARGE FITTING   This warm Aran hand knit sweater, available in green, natural and charcoal is made in Ireland of 100% Soft Merino Wool.","cost": 17990,"type_id": 3,"in_stock": 1,"discount": 15,"size_id": 2,"brand_id": 4,"color": "Teal","total_cost": 15291,"primaryImage": "/11.83226198/main.jpg"}
------------------------------------------------------------------------------------------------------------------------------

------------------------------------------------------------------------------------------------------------------------------
Date: Tue, 05 Jun 18 23:58:04 +0300
Message: {"id": 7,"name": "ARAN MERINO WOOL LADIES PONCHO A415","description": "This trendy women's Merino Wool Cable Knit Poncho, available in chilli, limestone and moss green is made in Ireland of 100% Soft Merino Wool.","cost": 12990,"type_id": 3,"in_stock": 1,"discount": 5,"size_id": 4,"brand_id": 4,"color": "Green","total_cost": 12340,"primaryImage": "/49.16389078/main.jpg"}
------------------------------------------------------------------------------------------------------------------------------

------------------------------------------------------------------------------------------------------------------------------
Date: Tue, 05 Jun 18 23:58:04 +0300
Message: {"id": 8,"name": "Nike Court Royale Suede","description": "Nice shoes for nice men","cost": 11300,"type_id": 2,"in_stock": 1,"discount": 0,"size_id": 4,"brand_id": 8,"color": "White","total_cost": 11300,"primaryImage": "/66.97456243/sub.jpg"}
------------------------------------------------------------------------------------------------------------------------------

------------------------------------------------------------------------------------------------------------------------------
Date: Wed, 06 Jun 18 00:00:19 +0300
Message: {"id": 5,"name": "Emerald embrace","description": "Warm soft sweater. ","cost": 12080,"type_id": 3,"in_stock": 1,"discount": 0,"size_id": 5,"brand_id": 4,"color": "Emerald","total_cost": 12080,"primaryImage": "/d7.83906298/main.jpg"}
------------------------------------------------------------------------------------------------------------------------------

------------------------------------------------------------------------------------------------------------------------------
Date: Wed, 06 Jun 18 00:00:35 +0300
Message: {"id": 5,"name": "Emerald embrace","description": "Warm soft sweater. ","cost": 12080,"type_id": 3,"in_stock": 1,"discount": 0,"size_id": 5,"brand_id": 4,"color": "Emerald","total_cost": 12080,"primaryImage": "/d7.83906298/main.jpg"}
------------------------------------------------------------------------------------------------------------------------------

------------------------------------------------------------------------------------------------------------------------------
Date: Wed, 06 Jun 18 00:00:35 +0300
Message: {"id": 6,"name": "ARAN HANDKNIT SWEATER S157 UNISEX","description": "Aran Handknit Crew Neck Sweater LARGE FITTING   This warm Aran hand knit sweater, available in green, natural and charcoal is made in Ireland of 100% Soft Merino Wool.","cost": 17990,"type_id": 3,"in_stock": 1,"discount": 15,"size_id": 2,"brand_id": 4,"color": "Teal","total_cost": 15291,"primaryImage": "/11.83226198/main.jpg"}
------------------------------------------------------------------------------------------------------------------------------

------------------------------------------------------------------------------------------------------------------------------
Date: Wed, 06 Jun 18 00:01:51 +0300
Message: {"id": 5,"name": "Emerald embrace","description": "Warm soft sweater. ","cost": 12080,"type_id": 3,"in_stock": 1,"discount": 0,"size_id": 5,"brand_id": 4,"color": "Emerald","total_cost": 12080,"primaryImage": "/d7.83906298/main.jpg"}
------------------------------------------------------------------------------------------------------------------------------

------------------------------------------------------------------------------------------------------------------------------
Date: Wed, 06 Jun 18 00:01:51 +0300
Message: {"id": 6,"name": "ARAN HANDKNIT SWEATER S157 UNISEX","description": "Aran Handknit Crew Neck Sweater LARGE FITTING   This warm Aran hand knit sweater, available in green, natural and charcoal is made in Ireland of 100% Soft Merino Wool.","cost": 17990,"type_id": 3,"in_stock": 1,"discount": 15,"size_id": 2,"brand_id": 4,"color": "Teal","total_cost": 15291,"primaryImage": "/11.83226198/main.jpg"}
------------------------------------------------------------------------------------------------------------------------------

------------------------------------------------------------------------------------------------------------------------------
Date: Wed, 06 Jun 18 00:01:51 +0300
Message: {"id": 7,"name": "ARAN MERINO WOOL LADIES PONCHO A415","description": "This trendy women's Merino Wool Cable Knit Poncho, available in chilli, limestone and moss green is made in Ireland of 100% Soft Merino Wool.","cost": 12990,"type_id": 3,"in_stock": 1,"discount": 5,"size_id": 4,"brand_id": 4,"color": "Green","total_cost": 12340,"primaryImage": "/49.16389078/main.jpg"}
------------------------------------------------------------------------------------------------------------------------------

------------------------------------------------------------------------------------------------------------------------------
Date: Wed, 06 Jun 18 00:02:55 +0300
Message: {"id": 5,"name": "Emerald embrace","description": "Warm soft sweater. ","cost": 12080,"type_id": 3,"in_stock": 1,"discount": 0,"size_id": 5,"brand_id": 4,"color": "Emerald","total_cost": 12080,"primaryImage": "/d7.83906298/main.jpg"}
------------------------------------------------------------------------------------------------------------------------------

------------------------------------------------------------------------------------------------------------------------------
Date: Wed, 06 Jun 18 00:02:55 +0300
Message: {"id": 6,"name": "ARAN HANDKNIT SWEATER S157 UNISEX","description": "Aran Handknit Crew Neck Sweater LARGE FITTING   This warm Aran hand knit sweater, available in green, natural and charcoal is made in Ireland of 100% Soft Merino Wool.","cost": 17990,"type_id": 3,"in_stock": 1,"discount": 15,"size_id": 2,"brand_id": 4,"color": "Teal","total_cost": 15291,"primaryImage": "/11.83226198/main.jpg"}
------------------------------------------------------------------------------------------------------------------------------

------------------------------------------------------------------------------------------------------------------------------
Date: Wed, 06 Jun 18 00:02:55 +0300
Message: {"id": 4,"name": "Moda Rapido","description": "White Printed Polo T-Shirt. Looks nice with dark jeans.","cost": 5600,"type_id": 5,"in_stock": 1,"discount": 0,"size_id": 4,"brand_id": 12,"color": "Gray-white","total_cost": 5600,"primaryImage": "/66.04778962/main.jpg"}
------------------------------------------------------------------------------------------------------------------------------

------------------------------------------------------------------------------------------------------------------------------
Date: Wed, 06 Jun 18 00:08:49 +0300
Message: {"id": 1,"name": "Satin Slip","description": "Simply sexy: this little slip in smooth satin.","cost": 2979,"type_id": 6,"in_stock": 1,"discount": 0,"size_id": 3,"brand_id": 1,"color": "Black","total_cost": 2979,"primaryImage": "/d9.41479802/main.jpg"}
------------------------------------------------------------------------------------------------------------------------------

------------------------------------------------------------------------------------------------------------------------------
Date: Wed, 06 Jun 18 00:08:49 +0300
Message: {"id": 2,"name": "High-low Ruffle Skirt","description": "Live the dream in a cascade of ruffles finished with a shimmering band of sequins.","cost": 12290,"type_id": 6,"in_stock": 1,"discount": 14,"size_id": 3,"brand_id": 1,"color": "Aqua white","total_cost": 10569,"primaryImage": "/c8.67599460/main.jpg"}
------------------------------------------------------------------------------------------------------------------------------

------------------------------------------------------------------------------------------------------------------------------
Date: Wed, 06 Jun 18 00:08:49 +0300
Message: {"id": 3,"name": "Gallant Tux","description": "Impress your companion","cost": 29000,"type_id": 1,"in_stock": 1,"discount": 5,"size_id": 4,"brand_id": 7,"color": "Dark black","total_cost": 27550,"primaryImage": "/99.67431272/main.jpg"}
------------------------------------------------------------------------------------------------------------------------------

------------------------------------------------------------------------------------------------------------------------------
Date: Wed, 06 Jun 18 00:09:35 +0300
Message: {"id": 8,"name": "Nike Court Royale Suede","description": "Nice shoes for nice men","cost": 11300,"type_id": 2,"in_stock": 1,"discount": 0,"size_id": 4,"brand_id": 8,"color": "White","total_cost": 11300,"primaryImage": "/66.97456243/sub.jpg"}
------------------------------------------------------------------------------------------------------------------------------

------------------------------------------------------------------------------------------------------------------------------
Date: Wed, 06 Jun 18 00:09:41 +0300
Message: {"id": 8,"name": "Nike Court Royale Suede","description": "Nice shoes for nice men","cost": 11300,"type_id": 2,"in_stock": 1,"discount": 0,"size_id": 4,"brand_id": 8,"color": "White","total_cost": 11300,"primaryImage": "/66.97456243/sub.jpg"}
------------------------------------------------------------------------------------------------------------------------------

------------------------------------------------------------------------------------------------------------------------------
Date: Wed, 06 Jun 18 00:09:48 +0300
Message: {"id": 8,"name": "Nike Court Royale Suede","description": "Nice shoes for nice men","cost": 11300,"type_id": 2,"in_stock": 1,"discount": 0,"size_id": 4,"brand_id": 8,"color": "White","total_cost": 11300,"primaryImage": "/66.97456243/sub.jpg"}
------------------------------------------------------------------------------------------------------------------------------

------------------------------------------------------------------------------------------------------------------------------
Date: Wed, 06 Jun 18 00:09:52 +0300
Message: {"id": 8,"name": "Nike Court Royale Suede","description": "Nice shoes for nice men","cost": 11300,"type_id": 2,"in_stock": 1,"discount": 0,"size_id": 4,"brand_id": 8,"color": "White","total_cost": 11300,"primaryImage": "/66.97456243/sub.jpg"}
------------------------------------------------------------------------------------------------------------------------------

------------------------------------------------------------------------------------------------------------------------------
Date: Wed, 06 Jun 18 00:09:58 +0300
Message: {"id": 8,"name": "Nike Court Royale Suede","description": "Nice shoes for nice men","cost": 11300,"type_id": 2,"in_stock": 1,"discount": 0,"size_id": 4,"brand_id": 8,"color": "White","total_cost": 11300,"primaryImage": "/66.97456243/sub.jpg"}
------------------------------------------------------------------------------------------------------------------------------

------------------------------------------------------------------------------------------------------------------------------
Date: Wed, 06 Jun 18 00:10:00 +0300
Message: {"id": 8,"name": "Nike Court Royale Suede","description": "Nice shoes for nice men","cost": 11300,"type_id": 2,"in_stock": 1,"discount": 0,"size_id": 4,"brand_id": 8,"color": "White","total_cost": 11300,"primaryImage": "/66.97456243/sub.jpg"}
------------------------------------------------------------------------------------------------------------------------------

------------------------------------------------------------------------------------------------------------------------------
Date: Wed, 06 Jun 18 00:10:47 +0300
Message: {"id": 8,"name": "Nike Court Royale Suede","description": "Nice shoes for nice men","cost": 11300,"type_id": 2,"in_stock": 1,"discount": 0,"size_id": 4,"brand_id": 8,"color": "White","total_cost": 11300,"primaryImage": "/66.97456243/sub.jpg"}
------------------------------------------------------------------------------------------------------------------------------

------------------------------------------------------------------------------------------------------------------------------
Date: Wed, 06 Jun 18 00:11:32 +0300
Message: {"id": 8,"name": "Nike Court Royale Suede","description": "Nice shoes for nice men","cost": 11300,"type_id": 2,"in_stock": 1,"discount": 0,"size_id": 4,"brand_id": 8,"color": "White","total_cost": 11300,"primaryImage": "/66.97456243/sub.jpg"}
------------------------------------------------------------------------------------------------------------------------------

------------------------------------------------------------------------------------------------------------------------------
Date: Wed, 06 Jun 18 00:13:36 +0300
Message: {"id": 1,"name": "Satin Slip","description": "Simply sexy: this little slip in smooth satin.","cost": 2979,"type_id": 6,"in_stock": 1,"discount": 0,"size_id": 3,"brand_id": 1,"color": "Black","total_cost": 2979,"primaryImage": "/d9.41479802/main.jpg"}
------------------------------------------------------------------------------------------------------------------------------

------------------------------------------------------------------------------------------------------------------------------
Date: Wed, 06 Jun 18 00:13:36 +0300
Message: {"id": 2,"name": "High-low Ruffle Skirt","description": "Live the dream in a cascade of ruffles finished with a shimmering band of sequins.","cost": 12290,"type_id": 6,"in_stock": 1,"discount": 14,"size_id": 3,"brand_id": 1,"color": "Aqua white","total_cost": 10569,"primaryImage": "/c8.67599460/main.jpg"}
------------------------------------------------------------------------------------------------------------------------------

------------------------------------------------------------------------------------------------------------------------------
Date: Wed, 06 Jun 18 00:13:36 +0300
Message: {"id": 3,"name": "Gallant Tux","description": "Impress your companion","cost": 29000,"type_id": 1,"in_stock": 1,"discount": 5,"size_id": 4,"brand_id": 7,"color": "Dark black","total_cost": 27550,"primaryImage": "/99.67431272/main.jpg"}
------------------------------------------------------------------------------------------------------------------------------

------------------------------------------------------------------------------------------------------------------------------
Date: Wed, 06 Jun 18 00:15:19 +0300
Message: {"id": 1,"name": "Satin Slip","description": "Simply sexy: this little slip in smooth satin.","cost": 2979,"type_id": 6,"in_stock": 1,"discount": 0,"size_id": 3,"brand_id": 1,"color": "Black","total_cost": 2979,"primaryImage": "/d9.41479802/main.jpg"}
------------------------------------------------------------------------------------------------------------------------------

------------------------------------------------------------------------------------------------------------------------------
Date: Wed, 06 Jun 18 00:15:19 +0300
Message: {"id": 2,"name": "High-low Ruffle Skirt","description": "Live the dream in a cascade of ruffles finished with a shimmering band of sequins.","cost": 12290,"type_id": 6,"in_stock": 1,"discount": 14,"size_id": 3,"brand_id": 1,"color": "Aqua white","total_cost": 10569,"primaryImage": "/c8.67599460/main.jpg"}
------------------------------------------------------------------------------------------------------------------------------

------------------------------------------------------------------------------------------------------------------------------
Date: Wed, 06 Jun 18 00:15:19 +0300
Message: {"id": 3,"name": "Gallant Tux","description": "Impress your companion","cost": 29000,"type_id": 1,"in_stock": 1,"discount": 5,"size_id": 4,"brand_id": 7,"color": "Dark black","total_cost": 27550,"primaryImage": "/99.67431272/main.jpg"}
------------------------------------------------------------------------------------------------------------------------------

------------------------------------------------------------------------------------------------------------------------------
Date: Wed, 06 Jun 18 00:15:23 +0300
Message: {"id": 5,"name": "Emerald embrace","description": "Warm soft sweater. ","cost": 12080,"type_id": 3,"in_stock": 1,"discount": 0,"size_id": 5,"brand_id": 4,"color": "Emerald","total_cost": 12080,"primaryImage": "/d7.83906298/main.jpg"}
------------------------------------------------------------------------------------------------------------------------------

------------------------------------------------------------------------------------------------------------------------------
Date: Wed, 06 Jun 18 00:15:23 +0300
Message: {"id": 6,"name": "ARAN HANDKNIT SWEATER S157 UNISEX","description": "Aran Handknit Crew Neck Sweater LARGE FITTING   This warm Aran hand knit sweater, available in green, natural and charcoal is made in Ireland of 100% Soft Merino Wool.","cost": 17990,"type_id": 3,"in_stock": 1,"discount": 15,"size_id": 2,"brand_id": 4,"color": "Teal","total_cost": 15291,"primaryImage": "/11.83226198/main.jpg"}
------------------------------------------------------------------------------------------------------------------------------

------------------------------------------------------------------------------------------------------------------------------
Date: Wed, 06 Jun 18 00:15:23 +0300
Message: {"id": 7,"name": "ARAN MERINO WOOL LADIES PONCHO A415","description": "This trendy women's Merino Wool Cable Knit Poncho, available in chilli, limestone and moss green is made in Ireland of 100% Soft Merino Wool.","cost": 12990,"type_id": 3,"in_stock": 1,"discount": 5,"size_id": 4,"brand_id": 4,"color": "Green","total_cost": 12340,"primaryImage": "/49.16389078/main.jpg"}
------------------------------------------------------------------------------------------------------------------------------

------------------------------------------------------------------------------------------------------------------------------
Date: Wed, 06 Jun 18 00:15:27 +0300
Message: {"id": 5,"name": "Emerald embrace","description": "Warm soft sweater. ","cost": 12080,"type_id": 3,"in_stock": 1,"discount": 0,"size_id": 5,"brand_id": 4,"color": "Emerald","total_cost": 12080,"primaryImage": "/d7.83906298/main.jpg"}
------------------------------------------------------------------------------------------------------------------------------

------------------------------------------------------------------------------------------------------------------------------
Date: Wed, 06 Jun 18 00:15:27 +0300
Message: {"id": 6,"name": "ARAN HANDKNIT SWEATER S157 UNISEX","description": "Aran Handknit Crew Neck Sweater LARGE FITTING   This warm Aran hand knit sweater, available in green, natural and charcoal is made in Ireland of 100% Soft Merino Wool.","cost": 17990,"type_id": 3,"in_stock": 1,"discount": 15,"size_id": 2,"brand_id": 4,"color": "Teal","total_cost": 15291,"primaryImage": "/11.83226198/main.jpg"}
------------------------------------------------------------------------------------------------------------------------------

------------------------------------------------------------------------------------------------------------------------------
Date: Wed, 06 Jun 18 00:15:27 +0300
Message: {"id": 7,"name": "ARAN MERINO WOOL LADIES PONCHO A415","description": "This trendy women's Merino Wool Cable Knit Poncho, available in chilli, limestone and moss green is made in Ireland of 100% Soft Merino Wool.","cost": 12990,"type_id": 3,"in_stock": 1,"discount": 5,"size_id": 4,"brand_id": 4,"color": "Green","total_cost": 12340,"primaryImage": "/49.16389078/main.jpg"}
------------------------------------------------------------------------------------------------------------------------------

------------------------------------------------------------------------------------------------------------------------------
Date: Wed, 06 Jun 18 00:15:40 +0300
Message: {"id": 1,"name": "Satin Slip","description": "Simply sexy: this little slip in smooth satin.","cost": 2979,"type_id": 6,"in_stock": 1,"discount": 0,"size_id": 3,"brand_id": 1,"color": "Black","total_cost": 2979,"primaryImage": "/d9.41479802/main.jpg"}
------------------------------------------------------------------------------------------------------------------------------

------------------------------------------------------------------------------------------------------------------------------
Date: Wed, 06 Jun 18 00:15:40 +0300
Message: {"id": 2,"name": "High-low Ruffle Skirt","description": "Live the dream in a cascade of ruffles finished with a shimmering band of sequins.","cost": 12290,"type_id": 6,"in_stock": 1,"discount": 14,"size_id": 3,"brand_id": 1,"color": "Aqua white","total_cost": 10569,"primaryImage": "/c8.67599460/main.jpg"}
------------------------------------------------------------------------------------------------------------------------------

------------------------------------------------------------------------------------------------------------------------------
Date: Wed, 06 Jun 18 00:15:40 +0300
Message: {"id": 3,"name": "Gallant Tux","description": "Impress your companion","cost": 29000,"type_id": 1,"in_stock": 1,"discount": 5,"size_id": 4,"brand_id": 7,"color": "Dark black","total_cost": 27550,"primaryImage": "/99.67431272/main.jpg"}
------------------------------------------------------------------------------------------------------------------------------

------------------------------------------------------------------------------------------------------------------------------
Date: Wed, 06 Jun 18 00:15:52 +0300
Message: {"id": 1,"name": "Satin Slip","description": "Simply sexy: this little slip in smooth satin.","cost": 2979,"type_id": 6,"in_stock": 1,"discount": 0,"size_id": 3,"brand_id": 1,"color": "Black","total_cost": 2979,"primaryImage": "/d9.41479802/main.jpg"}
------------------------------------------------------------------------------------------------------------------------------

------------------------------------------------------------------------------------------------------------------------------
Date: Wed, 06 Jun 18 00:15:52 +0300
Message: {"id": 2,"name": "High-low Ruffle Skirt","description": "Live the dream in a cascade of ruffles finished with a shimmering band of sequins.","cost": 12290,"type_id": 6,"in_stock": 1,"discount": 14,"size_id": 3,"brand_id": 1,"color": "Aqua white","total_cost": 10569,"primaryImage": "/c8.67599460/main.jpg"}
------------------------------------------------------------------------------------------------------------------------------

------------------------------------------------------------------------------------------------------------------------------
Date: Wed, 06 Jun 18 00:15:52 +0300
Message: {"id": 3,"name": "Gallant Tux","description": "Impress your companion","cost": 29000,"type_id": 1,"in_stock": 1,"discount": 5,"size_id": 4,"brand_id": 7,"color": "Dark black","total_cost": 27550,"primaryImage": "/99.67431272/main.jpg"}
------------------------------------------------------------------------------------------------------------------------------

------------------------------------------------------------------------------------------------------------------------------
Date: Wed, 06 Jun 18 00:15:56 +0300
Message: {"id": 4,"name": "Moda Rapido","description": "White Printed Polo T-Shirt. Looks nice with dark jeans.","cost": 5600,"type_id": 5,"in_stock": 1,"discount": 0,"size_id": 4,"brand_id": 12,"color": "Gray-white","total_cost": 5600,"primaryImage": "/66.04778962/main.jpg"}
------------------------------------------------------------------------------------------------------------------------------

------------------------------------------------------------------------------------------------------------------------------
Date: Wed, 06 Jun 18 00:15:56 +0300
Message: {"id": 5,"name": "Emerald embrace","description": "Warm soft sweater. ","cost": 12080,"type_id": 3,"in_stock": 1,"discount": 0,"size_id": 5,"brand_id": 4,"color": "Emerald","total_cost": 12080,"primaryImage": "/d7.83906298/main.jpg"}
------------------------------------------------------------------------------------------------------------------------------

------------------------------------------------------------------------------------------------------------------------------
Date: Wed, 06 Jun 18 00:15:56 +0300
Message: {"id": 6,"name": "ARAN HANDKNIT SWEATER S157 UNISEX","description": "Aran Handknit Crew Neck Sweater LARGE FITTING   This warm Aran hand knit sweater, available in green, natural and charcoal is made in Ireland of 100% Soft Merino Wool.","cost": 17990,"type_id": 3,"in_stock": 1,"discount": 15,"size_id": 2,"brand_id": 4,"color": "Teal","total_cost": 15291,"primaryImage": "/11.83226198/main.jpg"}
------------------------------------------------------------------------------------------------------------------------------

------------------------------------------------------------------------------------------------------------------------------
Date: Wed, 06 Jun 18 00:19:07 +0300
Message: {"id": 8,"name": "Nike Court Royale Suede","description": "Nice shoes for nice men","cost": 11300,"type_id": 2,"in_stock": 1,"discount": 0,"size_id": 4,"brand_id": 8,"color": "White","total_cost": 11300,"primaryImage": "/66.97456243/sub.jpg"}
------------------------------------------------------------------------------------------------------------------------------

------------------------------------------------------------------------------------------------------------------------------
Date: Wed, 06 Jun 18 00:19:07 +0300
Message: {"id": 2,"name": "High-low Ruffle Skirt","description": "Live the dream in a cascade of ruffles finished with a shimmering band of sequins.","cost": 12290,"type_id": 6,"in_stock": 1,"discount": 14,"size_id": 3,"brand_id": 1,"color": "Aqua white","total_cost": 10569,"primaryImage": "/c8.67599460/main.jpg"}
------------------------------------------------------------------------------------------------------------------------------

------------------------------------------------------------------------------------------------------------------------------
